<?xml version="1.0" encoding="UTF-8"?>
<!-- Generated by org.testng.reporters.JUnitReportReporter -->
<testsuite hostname="DESKTOP-U83A2A2" failures="0" tests="1" name="testCases.AmazonTest" time="117.591" errors="0" timestamp="24 Nov 2023 09:15:07 GMT" skipped="0">
  <testcase classname="testCases.AmazonTest" name="testGetTotalResultForEveryPage" time="117.591"/>
</testsuite> <!-- testCases.AmazonTest -->
